% mysql -h localhost -u root -p
Enter password:
Welcome to the MySQL monitor.  Commands end with ; or \g.
Your MySQL connection id is 14
Server version: 8.1.0 MySQL Community Server - GPL

Copyright (c) 2000, 2023, Oracle and/or its affiliates.

Oracle is a registered trademark of Oracle Corporation and/or its
affiliates. Other names may be trademarks of their respective
owners.

Type 'help;' or '\h' for help. Type '\c' to clear the current input statement.

mysql> show databases;
+--------------------+
| Database           |
+--------------------+
| information_schema |
| mysql              |
| performance_schema |
| stars              |
| sys                |
| test               |
+--------------------+
6 rows in set (0.00 sec)

mysql> use test;
Reading table information for completion of table and column names
You can turn off this feature to get a quicker startup with -A

Database changed
mysql> show tables;
+----------------------+
| Tables_in_test       |
+----------------------+
| dim_dates_table_test |
| employees            |
| emps                 |
| flights              |
| green_table          |
| iris                 |
| my_table             |
| orders               |
| people               |
| sales                |
| scu_iris             |
| symbols              |
| t1                   |
| users                |
| users_table          |
| yellow_table         |
+----------------------+
16 rows in set (0.00 sec)

mysql> CREATE TABLE customers (
    ->     cust_id     INT             NOT NULL,
    ->     cust_fname  VARCHAR(40)     NOT NULL,
    ->     cust_lname  VARCHAR(40)     NOT NULL,
    ->     address     VARCHAR(60)     NOT NULL,
    ->
    ->     PRIMARY KEY (cust_id)
    -> );
Query OK, 0 rows affected (0.00 sec)

mysql> desc customers
    -> ;
+------------+-------------+------+-----+---------+-------+
| Field      | Type        | Null | Key | Default | Extra |
+------------+-------------+------+-----+---------+-------+
| cust_id    | int         | NO   | PRI | NULL    |       |
| cust_fname | varchar(40) | NO   |     | NULL    |       |
| cust_lname | varchar(40) | NO   |     | NULL    |       |
| address    | varchar(60) | NO   |     | NULL    |       |
+------------+-------------+------+-----+---------+-------+
4 rows in set (0.00 sec)

mysql> select * from customers;
Empty set (0.00 sec)

mysql> exit
